<?xml version="1.0" encoding="UTF-8"?>
<!-- Generated by org.testng.reporters.JUnitReportReporter -->
<testsuite skipped="0" hostname="KALAMSIR-PC" name="tests.Test1" tests="1" failures="0" timestamp="2023-03-19T10:12:20 IST" time="4.099" errors="0">
  <testcase name="method" time="4.099" classname="tests.Test1"/>
  <system-out/>
</testsuite> <!-- tests.Test1 -->
